<?xml version="1.0" encoding="UTF-8"?>
<testsuite xmlns:xsi="http://www.w3.org/2001/XMLSchema-instance" xsi:noNamespaceSchemaLocation="https://maven.apache.org/surefire/maven-surefire-plugin/xsd/surefire-test-report-3.0.xsd" version="3.0" name="JUnitTesting.CompareResultJUnitTest" time="0.004" tests="1" errors="0" skipped="0" failures="0">
  <properties>
[...]
</properties>
  <testcase name="testGetResultArray" classname="JUnitTesting.CompareResultJUnitTest" time="0.002">
    <system-out><![CDATA[CompareArray
 
 
 
 
 
 
 
 
 
 
 
 
 
 
 
 
 
 
 
 
Result of Alg1 is: 
137174210013717420998628257899862825790 
Result of Alg2 is:
137174210013717420998628257899862825790
]]></system-out>
  </testcase>
</testsuite>